<testsuites>
	<testsuite id="1" tests="1" failures="1" package="C:\Users\Esat\Desktop\tfs-tamufa\sample-gauge-master\specs\sample.spec" time="36.030" timestamp="2017-11-24T16:58:51" name="Modanisa Örnek Testleri" errors="0" hostname="LAPTOP-N34CRQ14">
		<properties></properties>
		<testcase classname="Modanisa Örnek Testleri" name="Alısverisi Tamamla" time="36.030">
			<failure message="&#34;headerLoginUrl&#34; id nesnesine tikla&#xA;Concept Execution Failure: &#39;org.openqa.selenium.TimeoutException: Timed out after 20 seconds waiting for visibility of element located by By.id: headerLoginUrl&#39;" type="&#34;headerLoginUrl&#34; id nesnesine tikla&#xA;Concept Execution Failure: &#39;org.openqa.selenium.TimeoutException: Timed out after 20 seconds waiting for visibility of element located by By.id: headerLoginUrl&#39;">org.openqa.selenium.support.ui.FluentWait.timeoutException(FluentWait.java:259)&#xA;org.openqa.selenium.support.ui.FluentWait.until(FluentWait.java:228)&#xA;base.BasePageUtil.getElementBy(BasePageUtil.java:256)&#xA;base.BasePageUtil.clickObjectBy(BasePageUtil.java:248)&#xA;base.BasePageUtil.clickObjectById(BasePageUtil.java:209)&#xA;sun.reflect.NativeMethodAccessorImpl.invoke0(Native Method)&#xA;sun.reflect.NativeMethodAccessorImpl.invoke(NativeMethodAccessorImpl.java:62)&#xA;sun.reflect.DelegatingMethodAccessorImpl.invoke(DelegatingMethodAccessorImpl.java:43)&#xA;java.lang.reflect.Method.invoke(Method.java:498)&#xA;com.thoughtworks.gauge.execution.MethodExecutor.execute(MethodExecutor.java:38)&#xA;com.thoughtworks.gauge.execution.StepExecutionStage.executeStepMethod(StepExecutionStage.java:130)&#xA;com.thoughtworks.gauge.execution.StepExecutionStage.executeStep(StepExecutionStage.java:86)&#xA;com.thoughtworks.gauge.execution.StepExecutionStage.execute(StepExecutionStage.java:67)&#xA;com.thoughtworks.gauge.execution.AbstractExecutionStage.executeNext(AbstractExecutionStage.java:24)&#xA;com.thoughtworks.gauge.execution.HookExecutionStage.execute(HookExecutionStage.java:43)&#xA;com.thoughtworks.gauge.execution.ExecutionPipeline.start(ExecutionPipeline.java:29)&#xA;com.thoughtworks.gauge.processor.ExecuteStepProcessor.process(ExecuteStepProcessor.java:39)&#xA;com.thoughtworks.gauge.connection.MessageDispatcher.dispatchMessages(MessageDispatcher.java:89)&#xA;com.thoughtworks.gauge.GaugeRuntime.dispatchMessages(GaugeRuntime.java:104)&#xA;com.thoughtworks.gauge.GaugeRuntime.access$100(GaugeRuntime.java:36)&#xA;com.thoughtworks.gauge.GaugeRuntime$2.run(GaugeRuntime.java:85)&#xA;java.lang.Thread.run(Thread.java:745)&#xA;</failure>
		</testcase>
		<system-out></system-out>
		<system-err></system-err>
	</testsuite>
</testsuites>